#
# There is insufficient memory for the Java Runtime Environment to continue.
# Native memory allocation (mmap) failed to map 536870912 bytes for G1 virtual space
# Possible reasons:
#   The system is out of physical RAM or swap space
#   The process is running with CompressedOops enabled, and the Java Heap may be blocking the growth of the native heap
# Possible solutions:
#   Reduce memory load on the system
#   Increase physical memory or swap space
#   Check if swap backing store is full
#   Decrease Java heap size (-Xmx/-Xms)
#   Decrease number of Java threads
#   Decrease Java thread stack sizes (-Xss)
#   Set larger code cache with -XX:ReservedCodeCacheSize=
#   JVM is running with Zero Based Compressed Oops mode in which the Java heap is
#     placed in the first 32GB address space. The Java Heap base address is the
#     maximum limit for the native heap growth. Please use -XX:HeapBaseMinAddress
#     to set the Java Heap base and to place the Java Heap above 32GB virtual address.
# This output file may be truncated or incomplete.
#
#  Out of Memory Error (os_windows.cpp:3528), pid=41964, tid=54276
#
# JRE version:  (20.0.2+9) (build )
# Java VM: Java HotSpot(TM) 64-Bit Server VM (20.0.2+9-78, mixed mode, sharing, tiered, compressed oops, compressed class ptrs, g1 gc, windows-amd64)
# No core dump will be written. Minidumps are not enabled by default on client versions of Windows
#

---------------  S U M M A R Y ------------

Command Line: -Dfile.encoding=UTF-8 -Dstdout.encoding=UTF-8 -Dstderr.encoding=UTF-8 --module-path=C:\Users\User\Documents\perfomacego\performanceGoalJavaGeneration\bin -XX:+ShowCodeDetailsInExceptionMessages -Djdk.module.main=performanceGoalJavaGeneration performanceGoalJavaGeneration/ecommerce.Menu

Host: Intel(R) Core(TM) i5-10400F CPU @ 2.90GHz, 12 cores, 31G,  Windows 10 , 64 bit Build 19041 (10.0.19041.3636)
Time: Tue Feb 27 16:43:04 2024 Hora oficial do Brasil elapsed time: 0.012485 seconds (0d 0h 0m 0s)

---------------  T H R E A D  ---------------

Current thread (0x0000015be51326c0):  JavaThread "Unknown thread" [_thread_in_vm, id=54276, stack(0x0000001f55d00000,0x0000001f55e00000)]

Stack: [0x0000001f55d00000,0x0000001f55e00000]
Native frames: (J=compiled Java code, j=interpreted, Vv=VM code, C=native code)
V  [jvm.dll+0x6bc25a]
V  [jvm.dll+0x84971a]
V  [jvm.dll+0x84b315]
V  [jvm.dll+0x84ba13]
V  [jvm.dll+0x280e4f]
V  [jvm.dll+0x6b8fe9]
V  [jvm.dll+0x6adbca]
V  [jvm.dll+0x35b165]
V  [jvm.dll+0x363386]
V  [jvm.dll+0x3b400e]
V  [jvm.dll+0x3b4295]
V  [jvm.dll+0x32b86a]
V  [jvm.dll+0x32c68b]
V  [jvm.dll+0x8123df]
V  [jvm.dll+0x3c1261]
V  [jvm.dll+0x7fe103]
V  [jvm.dll+0x44ccaf]
V  [jvm.dll+0x44e621]
C  [jli.dll+0x5287]
C  [ucrtbase.dll+0x21bb2]
C  [KERNEL32.DLL+0x17344]
C  [ntdll.dll+0x526b1]


---------------  P R O C E S S  ---------------

Threads class SMR info:
_java_thread_list=0x00007ff9cb5eb118, length=0, elements={
}

Java Threads: ( => current thread )

Other Threads:
  0x0000015be51e2d90 WorkerThread "GC Thread#0" [stack: 0x0000001f55e00000,0x0000001f55f00000] [id=22432]
  0x0000015be51f4d70 ConcurrentGCThread "G1 Main Marker" [stack: 0x0000001f55f00000,0x0000001f56000000] [id=23196]
  0x0000015be51f57a0 WorkerThread "G1 Conc#0" [stack: 0x0000001f56000000,0x0000001f56100000] [id=35200]

[error occurred during error reporting (printing all threads), id 0xc0000005, EXCEPTION_ACCESS_VIOLATION (0xc0000005) at pc=0x00007ff9cadceea7]
VM state: not at safepoint (not fully initialized)

VM Mutex/Monitor currently owned by a thread:  ([mutex/lock_event])
[0x0000015be512bc70] Heap_lock - owner thread: 0x0000015be51326c0

Heap address: 0x0000000602000000, size: 8160 MB, Compressed Oops mode: Zero based, Oop shift amount: 3

CDS archive(s) mapped at: [0x0000000000000000-0x0000000000000000-0x0000000000000000), size 0, SharedBaseAddress: 0x0000000800000000, ArchiveRelocationMode: 1.
Narrow klass base: 0x0000000000000000, Narrow klass shift: 0, Narrow klass range: 0x0

GC Precious Log:
 CardTable entry size: 512
 Card Set container configuration: InlinePtr #cards 4 size 8 Array Of Cards #cards 32 size 80 Howl #buckets 8 coarsen threshold 7372 Howl Bitmap #cards 1024 size 144 coarsen threshold 921 Card regions per heap region 1 cards per card region 8192

Heap:
 garbage-first heap   total 0K, used 0K [0x0000000602000000, 0x0000000800000000)
  region size 4096K, 0 young (0K), 0 survivors (0K)

[error occurred during error reporting (printing heap information), id 0xc0000005, EXCEPTION_ACCESS_VIOLATION (0xc0000005) at pc=0x00007ff9cb1a47b9]
GC Heap History (0 events):
No events

Dll operation events (1 events):
Event: 0.008 Loaded shared library C:\Program Files\Java\jdk-20\bin\java.dll

Deoptimization events (0 events):
No events

Classes loaded (0 events):
No events

Classes unloaded (0 events):
No events

Classes redefined (0 events):
No events

Internal exceptions (0 events):
No events

VM Operations (0 events):
No events

Events (0 events):
No events


Dynamic libraries:
0x00007ff68ab80000 - 0x00007ff68ab90000 	C:\Program Files\Java\jdk-20\bin\javaw.exe
0x00007ffa78cf0000 - 0x00007ffa78ee8000 	C:\Windows\SYSTEM32\ntdll.dll
0x00007ffa78a40000 - 0x00007ffa78afd000 	C:\Windows\System32\KERNEL32.DLL
0x00007ffa76660000 - 0x00007ffa76956000 	C:\Windows\System32\KERNELBASE.dll
0x00007ffa76440000 - 0x00007ffa76540000 	C:\Windows\System32\ucrtbase.dll
0x00007ffa625e0000 - 0x00007ffa625f9000 	C:\Program Files\Java\jdk-20\bin\jli.dll
0x00007ffa5e550000 - 0x00007ffa5e56b000 	C:\Program Files\Java\jdk-20\bin\VCRUNTIME140.dll
0x00007ffa787e0000 - 0x00007ffa78893000 	C:\Windows\System32\ADVAPI32.dll
0x00007ffa777c0000 - 0x00007ffa7785e000 	C:\Windows\System32\msvcrt.dll
0x00007ffa77720000 - 0x00007ffa777bf000 	C:\Windows\System32\sechost.dll
0x00007ffa77930000 - 0x00007ffa77a56000 	C:\Windows\System32\RPCRT4.dll
0x00007ffa76540000 - 0x00007ffa76567000 	C:\Windows\System32\bcrypt.dll
0x00007ffa781c0000 - 0x00007ffa7835e000 	C:\Windows\System32\USER32.dll
0x00007ffa76ba0000 - 0x00007ffa76bc2000 	C:\Windows\System32\win32u.dll
0x00007ffa5f000000 - 0x00007ffa5f29a000 	C:\Windows\WinSxS\amd64_microsoft.windows.common-controls_6595b64144ccf1df_6.0.19041.3636_none_60b6a03d71f818d5\COMCTL32.dll
0x00007ffa78110000 - 0x00007ffa7813b000 	C:\Windows\System32\GDI32.dll
0x00007ffa769d0000 - 0x00007ffa76ae7000 	C:\Windows\System32\gdi32full.dll
0x00007ffa76570000 - 0x00007ffa7660d000 	C:\Windows\System32\msvcp_win.dll
0x00007ffa6f940000 - 0x00007ffa6f94a000 	C:\Windows\SYSTEM32\VERSION.dll
0x00007ffa78440000 - 0x00007ffa78472000 	C:\Windows\System32\IMM32.DLL
0x00007ffa62670000 - 0x00007ffa6267c000 	C:\Program Files\Java\jdk-20\bin\vcruntime140_1.dll
0x00007ffa4bc10000 - 0x00007ffa4bc9e000 	C:\Program Files\Java\jdk-20\bin\msvcp140.dll
0x00007ff9caa90000 - 0x00007ff9cb728000 	C:\Program Files\Java\jdk-20\bin\server\jvm.dll
0x00007ffa620b0000 - 0x00007ffa620d7000 	C:\Windows\SYSTEM32\WINMM.dll
0x00007ffa5a390000 - 0x00007ffa5a399000 	C:\Windows\SYSTEM32\WSOCK32.dll
0x00007ffa77860000 - 0x00007ffa778cb000 	C:\Windows\System32\WS2_32.dll
0x00007ffa74160000 - 0x00007ffa74172000 	C:\Windows\SYSTEM32\kernel.appcore.dll
0x00007ffa61a50000 - 0x00007ffa61a5a000 	C:\Program Files\Java\jdk-20\bin\jimage.dll
0x00007ffa60750000 - 0x00007ffa60934000 	C:\Windows\SYSTEM32\DBGHELP.DLL
0x00007ffa5b9c0000 - 0x00007ffa5b9f4000 	C:\Windows\SYSTEM32\dbgcore.DLL
0x00007ffa763b0000 - 0x00007ffa76432000 	C:\Windows\System32\bcryptPrimitives.dll
0x00007ffa530d0000 - 0x00007ffa530f6000 	C:\Program Files\Java\jdk-20\bin\java.dll

dbghelp: loaded successfully - version: 4.0.5 - missing functions: none
symbol engine: initialized successfully - sym options: 0x614 - pdb path: .;C:\Program Files\Java\jdk-20\bin;C:\Windows\SYSTEM32;C:\Windows\WinSxS\amd64_microsoft.windows.common-controls_6595b64144ccf1df_6.0.19041.3636_none_60b6a03d71f818d5;C:\Program Files\Java\jdk-20\bin\server

VM Arguments:
jvm_args: -Dfile.encoding=UTF-8 -Dstdout.encoding=UTF-8 -Dstderr.encoding=UTF-8 --module-path=C:\Users\User\Documents\perfomacego\performanceGoalJavaGeneration\bin -XX:+ShowCodeDetailsInExceptionMessages -Djdk.module.main=performanceGoalJavaGeneration 
java_command: performanceGoalJavaGeneration/ecommerce.Menu
java_class_path (initial): <not set>
Launcher Type: SUN_STANDARD

[Global flags]
     intx CICompilerCount                          = 4                                         {product} {ergonomic}
     uint ConcGCThreads                            = 3                                         {product} {ergonomic}
     uint G1ConcRefinementThreads                  = 10                                        {product} {ergonomic}
   size_t G1HeapRegionSize                         = 4194304                                   {product} {ergonomic}
    uintx GCDrainStackTargetSize                   = 64                                        {product} {ergonomic}
   size_t InitialHeapSize                          = 536870912                                 {product} {ergonomic}
   size_t MarkStackSize                            = 4194304                                   {product} {ergonomic}
   size_t MaxHeapSize                              = 8556380160                                {product} {ergonomic}
   size_t MinHeapDeltaBytes                        = 4194304                                   {product} {ergonomic}
   size_t MinHeapSize                              = 8388608                                   {product} {ergonomic}
    uintx NonNMethodCodeHeapSize                   = 5839372                                {pd product} {ergonomic}
    uintx NonProfiledCodeHeapSize                  = 122909434                              {pd product} {ergonomic}
    uintx ProfiledCodeHeapSize                     = 122909434                              {pd product} {ergonomic}
    uintx ReservedCodeCacheSize                    = 251658240                              {pd product} {ergonomic}
     bool SegmentedCodeCache                       = true                                      {product} {ergonomic}
     bool ShowCodeDetailsInExceptionMessages       = true                                   {manageable} {command line}
   size_t SoftMaxHeapSize                          = 8556380160                             {manageable} {ergonomic}
     bool UseCompressedClassPointers               = true                           {product lp64_product} {ergonomic}
     bool UseCompressedOops                        = true                           {product lp64_product} {ergonomic}
     bool UseG1GC                                  = true                                      {product} {ergonomic}
     bool UseLargePagesIndividualAllocation        = false                                  {pd product} {ergonomic}

Logging:
Log output configuration:
 #0: stdout all=warning uptime,level,tags foldmultilines=false
 #1: stderr all=off uptime,level,tags foldmultilines=false

Environment Variables:
JAVA_HOME=C:\Program Files\Java\jdk-17
PATH=C:\Program Files\Java\jdk-17.0.3.1;C:\Windows\system32;C:\Windows;C:\Windows\System32\Wbem;C:\Windows\System32\WindowsPowerShell\v1.0\;C:\Windows\System32\OpenSSH\;C:\Program Files (x86)\NVIDIA Corporation\PhysX\Common;C:\Program Files\NVIDIA Corporation\NVIDIA NvDLISR;C:\Program Files\Git\cmd;C:\Program Files\dotnet\;C:\Program Files\Docker\Docker\resources\bin;C:\maven\bin;C:\Program Files\nodejs\;C:\Program Files\Common Files\Oracle\Java\javapath;C:\Program Files\Java\jdk-17\bin;MYSQL_HOME;C:\Program Files\MySQL\MySQL Shell 8.0\bin\;C:\Users\User\.console-ninja\.bin;C:\Users\User\AppData\Local\Microsoft\WindowsApps;;C:\Users\User\AppData\Local\Programs\Microsoft VS Code\bin;C:\Users\User\AppData\Roaming\npm
USERNAME=User
OS=Windows_NT
PROCESSOR_IDENTIFIER=Intel64 Family 6 Model 165 Stepping 3, GenuineIntel
TMP=C:\Users\User\AppData\Local\Temp
TEMP=C:\Users\User\AppData\Local\Temp




---------------  S Y S T E M  ---------------

OS:
 Windows 10 , 64 bit Build 19041 (10.0.19041.3636)
OS uptime: 8 days 0:38 hours
Hyper-V role detected

CPU: total 12 (initial active 12) (6 cores per cpu, 2 threads per core) family 6 model 165 stepping 3 microcode 0xea, cx8, cmov, fxsr, ht, mmx, 3dnowpref, sse, sse2, sse3, ssse3, sse4.1, sse4.2, popcnt, lzcnt, tsc, tscinvbit, avx, avx2, aes, erms, clmul, bmi1, bmi2, adx, fma, vzeroupper, clflush, clflushopt, hv, rdtscp, f16c

Memory: 4k page, system-wide physical 32637M (5500M free)
TotalPageFile size 89787M (AvailPageFile size 255M)
current process WorkingSet (physical memory assigned to process): 10M, peak: 10M
current process commit charge ("private bytes"): 64M, peak: 576M

vm_info: Java HotSpot(TM) 64-Bit Server VM (20.0.2+9-78) for windows-amd64 JRE (20.0.2+9-78), built on 2023-06-14T10:08:48Z by "mach5one" with MS VC++ 17.1 (VS2022)

END.
